C:\USERS\JOHNMOR\DOCUMENTS\GITHUB\LEARNPROJECTS\LEARNC\LEARNC\LEARNC\DEBUG\MAIN.OBJ
C:\USERS\JOHNMOR\DOCUMENTS\GITHUB\LEARNPROJECTS\LEARNC\LEARNC\LEARNC\DEBUG\VC110.PDB
C:\USERS\JOHNMOR\DOCUMENTS\GITHUB\LEARNPROJECTS\LEARNC\LEARNC\DEBUG\LEARNC.ILK
C:\USERS\JOHNMOR\DOCUMENTS\GITHUB\LEARNPROJECTS\LEARNC\LEARNC\DEBUG\LEARNC.EXE
C:\USERS\JOHNMOR\DOCUMENTS\GITHUB\LEARNPROJECTS\LEARNC\LEARNC\DEBUG\LEARNC.PDB
C:\Users\johnmor\Documents\GitHub\LearnProjects\LearnC\LearnC\LearnC\Debug\main.obj
C:\Users\johnmor\Documents\GitHub\LearnProjects\LearnC\LearnC\LearnC\Debug\cl.command.1.tlog
C:\Users\johnmor\Documents\GitHub\LearnProjects\LearnC\LearnC\LearnC\Debug\CL.read.1.tlog
C:\Users\johnmor\Documents\GitHub\LearnProjects\LearnC\LearnC\LearnC\Debug\CL.write.1.tlog
C:\Users\johnmor\Documents\GitHub\LearnProjects\LearnC\LearnC\LearnC\Debug\link-cvtres.read.1.tlog
C:\Users\johnmor\Documents\GitHub\LearnProjects\LearnC\LearnC\LearnC\Debug\link-cvtres.write.1.tlog
C:\Users\johnmor\Documents\GitHub\LearnProjects\LearnC\LearnC\LearnC\Debug\link-rc.read.1.tlog
C:\Users\johnmor\Documents\GitHub\LearnProjects\LearnC\LearnC\LearnC\Debug\link-rc.write.1.tlog
C:\Users\johnmor\Documents\GitHub\LearnProjects\LearnC\LearnC\LearnC\Debug\link.command.1.tlog
C:\Users\johnmor\Documents\GitHub\LearnProjects\LearnC\LearnC\LearnC\Debug\link.read.1.tlog
C:\Users\johnmor\Documents\GitHub\LearnProjects\LearnC\LearnC\LearnC\Debug\link.write.1.tlog
C:\Users\johnmor\Documents\GitHub\LearnProjects\LearnC\LearnC\LearnC\Debug\vc110.idb
C:\Users\johnmor\Documents\GitHub\LearnProjects\LearnC\LearnC\LearnC\Debug\vc110.pdb
C:\Users\johnmor\Documents\GitHub\LearnProjects\LearnC\LearnC\Debug\LearnC.pdb
C:\Users\johnmor\Documents\GitHub\LearnProjects\LearnC\LearnC\Debug\LearnC.exe
C:\Users\johnmor\Documents\GitHub\LearnProjects\LearnC\LearnC\Debug\LearnC.ilk
